C51 COMPILER V9.60.0.0   MCU_MAIN                                                          03/10/2020 18:17:18 PAGE 1   


C51 COMPILER V9.60.0.0, COMPILATION OF MODULE MCU_MAIN
OBJECT MODULE PLACED IN .\Objects\MCU_Main.obj
COMPILER INVOKED BY: D:\Keil5\C51\BIN\C51.EXE MCU_Main.c LARGE OPTIMIZE(8,SPEED) BROWSE DEBUG OBJECTEXTEND PRINT(.\Listi
                    -ngs\MCU_Main.lst) TABS(2) OBJECT(.\Objects\MCU_Main.obj)

line level    source

   1          #include  "MCU_Config.h"
   2          
   3          
   4          void main()
   5          {
   6   1          MCU_Init();
   7   1          
   8   1          //  EA = 1; 允许PWM计数器归零中断
   9   1        
  10   1          PWMx_SetPwmWide(PWM2_ID, 16, 32); //PWM_id: PWM通道, PWM2_ID,PWM3_ID,PWM4_ID,PWM5_ID,PWM6_ID,PWM7_ID.
  11   1          PWMx_SetPwmWide(PWM3_ID, 16, 48);
  12   1          PWMx_SetPwmWide(PWM4_ID, 16, 64);
  13   1          PWMx_SetPwmWide(PWM5_ID, 16, 96);
  14   1          PWMx_SetPwmWide(PWM6_ID, 16, 128);
  15   1          PWMx_SetPwmWide(PWM7_ID, 16, 144);
  16   1          while(1){Delay_ms(2000);}
  17   1        
  18   1      }


MODULE INFORMATION:   STATIC OVERLAYABLE
   CODE SIZE        =     90    ----
   CONSTANT SIZE    =   ----    ----
   XDATA SIZE       =   ----    ----
   PDATA SIZE       =   ----    ----
   DATA SIZE        =   ----    ----
   IDATA SIZE       =   ----    ----
   BIT SIZE         =   ----    ----
END OF MODULE INFORMATION.


C51 COMPILATION COMPLETE.  0 WARNING(S),  0 ERROR(S)
