C51 COMPILER V9.60.0.0   OLED_MAIN                                                         03/09/2020 18:52:44 PAGE 1   


C51 COMPILER V9.60.0.0, COMPILATION OF MODULE OLED_MAIN
OBJECT MODULE PLACED IN .\Objects\OLED_Main.obj
COMPILER INVOKED BY: D:\Keil5\C51\BIN\C51.EXE OLED_Main.c LARGE OPTIMIZE(8,SPEED) BROWSE DEBUG OBJECTEXTEND PRINT(.\List
                    -ings\OLED_Main.lst) TABS(2) OBJECT(.\Objects\OLED_Main.obj)

line level    source

   1          #include "MCU_Config.h"
   2          
   3          
   4          
   5          void main()
   6          {
   7   1        MCU_Init();
   8   1        while(1)
   9   1        {
  10   2      //    OLED_Fill(0xff); //屏全亮
  11   2      //    delay(2000);
  12   2      //    OLED_Fill(0x00); //屏全灭
  13   2      //    delay(200);
  14   2          Draw_BMP(0,0,128,8,BMP1);  //图片显示(图片显示慎用，生成的字表较大，会占用较多空间，FLASH空间8K以下慎用)
  15   2          Delay_ms(8000);
  16   2          OLED_CLS();      //清屏
  17   2        }
  18   1      
  19   1      }


MODULE INFORMATION:   STATIC OVERLAYABLE
   CODE SIZE        =     47    ----
   CONSTANT SIZE    =   ----    ----
   XDATA SIZE       =   ----    ----
   PDATA SIZE       =   ----    ----
   DATA SIZE        =   ----    ----
   IDATA SIZE       =   ----    ----
   BIT SIZE         =   ----    ----
END OF MODULE INFORMATION.


C51 COMPILATION COMPLETE.  0 WARNING(S),  0 ERROR(S)
