C51 COMPILER V9.60.0.0   MCU_MAIN                                                          11/24/2020 00:09:43 PAGE 1   


C51 COMPILER V9.60.0.0, COMPILATION OF MODULE MCU_MAIN
OBJECT MODULE PLACED IN .\Objects\MCU_Main.obj
COMPILER INVOKED BY: D:\Keil5\C51\BIN\C51.EXE MCU_Main.c LARGE OPTIMIZE(8,SPEED) BROWSE DEBUG OBJECTEXTEND PRINT(.\Listi
                    -ngs\MCU_Main.lst) TABS(2) OBJECT(.\Objects\MCU_Main.obj)

line level    source

   1          #include  "MCU_Config.h"
   2          
   3          
   4          void main()
   5          {
   6   1        MCU_Init();
   7   1        
   8   1        EA = 1;           //开总中断
   9   1      
  10   1        SendString1("STC15F4K60S4 USART1 Test Prgramme!\r\n");Delay_ms(10);
  11   1        SendString2("STC15F4K60S4 USART2 Test Prgramme!\r\n");Delay_ms(10);
  12   1        SendString3("STC15F4K60S4 USART3 Test Prgramme!\r\n");Delay_ms(10);
  13   1        SendString4("STC15F4K60S4 USART4 Test Prgramme!\r\n");Delay_ms(10);
  14   1        while (1)
  15   1        {
  16   2          if((RX1_len > 0) && !B_TX1_Busy)  //收到过数据, 并且发送空闲
  17   2          {
  18   3            SendString1(RX1_Buffer);
  19   3            Cl_RX_Buffer(RX1_Buffer,&RX1_len);
  20   3          }
  21   2      
  22   2          if((RX2_len > 0) && !B_TX2_Busy)  //收到过数据, 并且发送空闲
  23   2          {
  24   3            SendString2(RX2_Buffer);
  25   3            Cl_RX_Buffer(RX2_Buffer,&RX2_len);
  26   3          }
  27   2      
  28   2          if((RX3_len > 0) && !B_TX3_Busy)  //收到过数据, 并且发送空闲
  29   2          {
  30   3            SendString3(RX3_Buffer);
  31   3            Cl_RX_Buffer(RX3_Buffer,&RX3_len);
  32   3          }
  33   2      
  34   2          if(( RX4_len > 0) && !B_TX4_Busy) //收到过数据, 并且发送空闲
  35   2          {
  36   3            SendString4(RX4_Buffer);
  37   3            Cl_RX_Buffer(RX4_Buffer,&RX4_len);
  38   3          }
  39   2        }
  40   1      
  41   1      }


MODULE INFORMATION:   STATIC OVERLAYABLE
   CODE SIZE        =    270    ----
   CONSTANT SIZE    =    148    ----
   XDATA SIZE       =   ----    ----
   PDATA SIZE       =   ----    ----
   DATA SIZE        =   ----    ----
   IDATA SIZE       =   ----    ----
   BIT SIZE         =   ----    ----
END OF MODULE INFORMATION.


C51 COMPILATION COMPLETE.  0 WARNING(S),  0 ERROR(S)
