C51 COMPILER V9.60.0.0   MCU_INIT                                                          04/11/2020 18:15:02 PAGE 1   


C51 COMPILER V9.60.0.0, COMPILATION OF MODULE MCU_INIT
OBJECT MODULE PLACED IN .\Objects\MCU_Init.obj
COMPILER INVOKED BY: D:\Keil5\C51\BIN\C51.EXE MCU_Init.c LARGE OPTIMIZE(8,SPEED) BROWSE DEBUG OBJECTEXTEND PRINT(.\Listi
                    -ngs\MCU_Init.lst) TABS(2) OBJECT(.\Objects\MCU_Init.obj)

line level    source

   1          #include  "MCU_Config.h"
   2          
   3          
   4          //========================================================================
   5          // 函数: void MCU_Init(void)
   6          // 描述: 单片机初始化函数
   7          // 参数: 无
   8          // 返回: 无
   9          // 版本: V1.0, 2020.03.09
  10          //========================================================================
  11          void MCU_Init(void)
  12          {
  13   1          GPIO_Init();    //GPIO 初始化
  14   1          Uart_Init();
  15   1      }
  16          
  17          
  18          //========================================================================
  19          // 函数: void GPIO_Init(void)
  20          // 描述: GPIO口初始化函数
  21          // 参数: 无
  22          // 返回: 无
  23          // 版本: V1.0, 2020.03.09
  24          //========================================================================
  25          //注意:   STC15W4K32S4系列的芯片,上电后所有与PWM相关的IO口均为
  26          //        高阻态,需将这些口设置为准双向口或强推挽模式方可正常使用
  27          void GPIO_Init(void)
  28          {
  29   1        //第一种方式：使用P0n_standard()函数将所有IO口设置为准双向口，默认选择第一种
  30   1        P0n_standard(0xff); //设置为准双向口
  31   1        P1n_standard(0xff); //设置为准双向口
  32   1        P2n_standard(0xff); //设置为准双向口
  33   1        P3n_standard(0xff); //设置为准双向口
  34   1        P4n_standard(0xff); //设置为准双向口
  35   1        P5n_standard(0xff); //设置为准双向口
  36   1      }


MODULE INFORMATION:   STATIC OVERLAYABLE
   CODE SIZE        =     43    ----
   CONSTANT SIZE    =   ----    ----
   XDATA SIZE       =   ----    ----
   PDATA SIZE       =   ----    ----
   DATA SIZE        =   ----    ----
   IDATA SIZE       =   ----    ----
   BIT SIZE         =   ----    ----
END OF MODULE INFORMATION.


C51 COMPILATION COMPLETE.  0 WARNING(S),  0 ERROR(S)
