C51 COMPILER V9.60.0.0   MCU_MAIN                                                          03/13/2020 17:45:52 PAGE 1   


C51 COMPILER V9.60.0.0, COMPILATION OF MODULE MCU_MAIN
OBJECT MODULE PLACED IN .\Objects\MCU_Main.obj
COMPILER INVOKED BY: D:\Keil5\C51\BIN\C51.EXE MCU_Main.c LARGE OPTIMIZE(8,SPEED) BROWSE DEFINE(DEBUG_ENABLE_SEMIHOST) DE
                    -BUG OBJECTEXTEND PRINT(.\Listings\MCU_Main.lst) TABS(2) OBJECT(.\Objects\MCU_Main.obj)

line level    source

   1          #include  "MCU_Config.h"
   2          
   3          
   4          
   5          void main()
   6          {
   7   1          //num为采样次数，sum为计算值
   8   1          u16 num=16,sum=0,i=0,tem=0;
   9   1          u8 buf[6]={0};
  10   1          MCU_Init();
  11   1          Delay_ms(10);
  12   1          EA=1;     //打开总中断
  13   1          
  14   1          SendString1("Test  111111111\n");
  15   1          
  16   1          while(1){
  17   2              if(Timer1_Count==1000)
  18   2              {
  19   3                  TR0 = 0;
  20   3                  Timer1_Count=0;
  21   3                  for(sum=0,i=0;i<num;i++) {sum+=Get_ADC10bitResult(0);}//读内部基准ADC, P1ASF=0, 读0通道
  22   3                  sum = sum / num;  // ADC = 1024 * Uref / Ux, 则 Ux = 1024 * Uref / ADC = 1024 * 1.25 / ADC = 1280 / A
             -DC
  23   3                  
  24   3                  Int_cov_Str(buf,sizeof(buf),sum);
  25   3                  SendString1("Tem:");
  26   3                  SendString1(buf);
  27   3                  SendString1("\n");
  28   3                  memset(buf,0,sizeof(buf));
  29   3                  TR0 =1;
  30   3              }
  31   2          }
  32   1        
  33   1      }


MODULE INFORMATION:   STATIC OVERLAYABLE
   CODE SIZE        =    239    ----
   CONSTANT SIZE    =     30    ----
   XDATA SIZE       =   ----      14
   PDATA SIZE       =   ----    ----
   DATA SIZE        =   ----    ----
   IDATA SIZE       =   ----    ----
   BIT SIZE         =   ----    ----
END OF MODULE INFORMATION.


C51 COMPILATION COMPLETE.  0 WARNING(S),  0 ERROR(S)
