C51 COMPILER V9.60.0.0   MCU_INIT                                                          03/13/2020 17:45:52 PAGE 1   


C51 COMPILER V9.60.0.0, COMPILATION OF MODULE MCU_INIT
OBJECT MODULE PLACED IN .\Objects\MCU_Init.obj
COMPILER INVOKED BY: D:\Keil5\C51\BIN\C51.EXE MCU_Init.c LARGE OPTIMIZE(8,SPEED) BROWSE DEFINE(DEBUG_ENABLE_SEMIHOST) DE
                    -BUG OBJECTEXTEND PRINT(.\Listings\MCU_Init.lst) TABS(2) OBJECT(.\Objects\MCU_Init.obj)

line level    source

   1          #include  "MCU_Config.h"
   2          
   3          
   4          
   5          //========================================================================
   6          // 函数: void MCU_Init(void)
   7          // 描述: 单片机初始化函数
   8          // 参数: 无
   9          // 返回: 无
  10          // 版本: V1.0, 2020.03.09
  11          //========================================================================
  12          void MCU_Init(void)
  13          {
  14   1          GPIO_Init();    //GPIO 初始化
  15   1          UART1_config(2);//串口初始化
  16   1          Cl_RX_Buffer(RX1_Buffer,&RX1_len);
  17   1          Timer1_Count=0;
  18   1          Timer_Config(); //定时器0初始化
  19   1          ADC_Init();
  20   1      }
  21          
  22          
  23          //========================================================================
  24          // 函数: void GPIO_Init(void)
  25          // 描述: GPIO口初始化函数
  26          // 参数: 无
  27          // 返回: 无
  28          // 版本: V1.0, 2020.03.09
  29          //========================================================================
  30          //注意:   STC15W4K32S4系列的芯片,上电后所有与PWM相关的IO口均为
  31          //        高阻态,需将这些口设置为准双向口或强推挽模式方可正常使用
  32          void GPIO_Init(void)
  33          {
  34   1        //第一种方式：使用P0n_standard()函数将所有IO口设置为准双向口，默认选择第一种
  35   1        P0n_standard(0xff); //设置为准双向口
  36   1        P1n_standard(0xff); //设置为准双向口
  37   1        P2n_standard(0xff); //设置为准双向口
  38   1        P3n_standard(0xff); //设置为准双向口
  39   1        P4n_standard(0xff); //设置为准双向口
  40   1        P5n_standard(0xff); //设置为准双向口
  41   1      }
  42          
  43          


MODULE INFORMATION:   STATIC OVERLAYABLE
   CODE SIZE        =     81    ----
   CONSTANT SIZE    =   ----    ----
   XDATA SIZE       =   ----    ----
   PDATA SIZE       =   ----    ----
   DATA SIZE        =   ----    ----
   IDATA SIZE       =   ----    ----
   BIT SIZE         =   ----    ----
END OF MODULE INFORMATION.

C51 COMPILER V9.60.0.0   MCU_INIT                                                          03/13/2020 17:45:52 PAGE 2   


C51 COMPILATION COMPLETE.  0 WARNING(S),  0 ERROR(S)
