C51 COMPILER V9.60.0.0   MCU_INT                                                           03/12/2020 19:08:02 PAGE 1   


C51 COMPILER V9.60.0.0, COMPILATION OF MODULE MCU_INT
OBJECT MODULE PLACED IN .\Objects\MCU_INT.obj
COMPILER INVOKED BY: D:\Keil5\C51\BIN\C51.EXE MCU_INT.c LARGE OPTIMIZE(8,SPEED) BROWSE DEBUG OBJECTEXTEND PRINT(.\Listin
                    -gs\MCU_INT.lst) TABS(2) OBJECT(.\Objects\MCU_INT.obj)

line level    source

   1          #include  "MCU_Config.h"
   2          
   3          
   4          //========================================================================
   5          // 函数: void INT_Init(void)
   6          // 描述: 外部中断初始化函数
   7          // 参数: 无
   8          // 返回: 无
   9          // 版本: V1.0, 2020.03.09
  10          //========================================================================
  11          void INT_Init(void)
  12          {
  13   1          IE1  = 0;     //外中断1标志位
  14   1          IE0  = 0;     //外中断0标志位
  15   1          EX1 = 1;      //INT1 Enable
  16   1          EX0 = 1;      //INT0 Enable
  17   1      
  18   1          IT0 = 1;      //INT0 下降沿中断   
  19   1        //IT0 = 0;      //INT0 上升,下降沿中断  
  20   1          IT1 = 1;      //INT1 下降沿中断   
  21   1        //IT1 = 0;      //INT1 上升,下降沿中断  
  22   1      }
  23          
  24          /********************* INT0中断函数 *************************/
  25          void INT0_int (void) interrupt INT0_VECTOR    //进中断时已经清除标志
  26          {
  27   1            //EX0 = 0;  //INT0 Disable
  28   1            //IE0 = 0;  //外中断0标志位
  29   1      }
  30          
  31          /********************* INT1中断函数 *************************/
  32          void INT1_int (void) interrupt INT1_VECTOR    //进中断时已经清除标志
  33          {
  34   1          EX1 = 0;  //INT1 Disable
  35   1          IE1 = 0;  //外中断1标志位
  36   1      }


MODULE INFORMATION:   STATIC OVERLAYABLE
   CODE SIZE        =     19    ----
   CONSTANT SIZE    =   ----    ----
   XDATA SIZE       =   ----    ----
   PDATA SIZE       =   ----    ----
   DATA SIZE        =   ----    ----
   IDATA SIZE       =   ----    ----
   BIT SIZE         =   ----    ----
END OF MODULE INFORMATION.


C51 COMPILATION COMPLETE.  0 WARNING(S),  0 ERROR(S)
