C51 COMPILER V9.60.0.0   MCU_INIT                                                          03/12/2020 19:15:19 PAGE 1   


C51 COMPILER V9.60.0.0, COMPILATION OF MODULE MCU_INIT
OBJECT MODULE PLACED IN .\Objects\MCU_Init.obj
COMPILER INVOKED BY: D:\Keil5\C51\BIN\C51.EXE MCU_Init.c LARGE OPTIMIZE(8,SPEED) BROWSE DEBUG OBJECTEXTEND PRINT(.\Listi
                    -ngs\MCU_Init.lst) TABS(2) OBJECT(.\Objects\MCU_Init.obj)

line level    source

   1          #include  "MCU_Config.h"
   2          
   3          //========================================================================
   4          // 函数: void MCU_Init(void)
   5          // 描述: 单片机初始化函数
   6          // 参数: 无
   7          // 返回: 无
   8          // 版本: V1.0, 2020.03.09
   9          //========================================================================
  10          void MCU_Init(void)
  11          {
  12   1          GPIO_Init();    //GPIO 初始化
  13   1      }
  14          
  15          
  16          //========================================================================
  17          // 函数: void GPIO_Init(void)
  18          // 描述: GPIO口初始化函数
  19          // 参数: 无
  20          // 返回: 无
  21          // 版本: V1.0, 2020.03.09
  22          //========================================================================
  23          //注意:   STC15W4K32S4系列的芯片,上电后所有与PWM相关的IO口均为
  24          //        高阻态,需将这些口设置为准双向口或强推挽模式方可正常使用
  25          void GPIO_Init(void)
  26          {
  27   1        //第一种方式：使用P0n_standard()函数将所有IO口设置为准双向口，默认选择第一种
  28   1        P0n_standard(0xff); //设置为准双向口
  29   1        P1n_standard(0xff); //设置为准双向口
  30   1        P2n_standard(0xff); //设置为准双向口
  31   1        P3n_standard(0xff); //设置为准双向口
  32   1        P4n_standard(0xff); //设置为准双向口
  33   1        P5n_standard(0xff); //设置为准双向口
  34   1      }
  35          
  36          //========================================================================
  37          // 函数: void SetWakeUpTime(u16 SetTime)
  38          // 描述: 唤醒定时器设置时间值函数。
  39          // 参数: SetTime: 要设置的时间值(睡眠的时间), 单位为ms.
  40          // 返回: none.
  41          // 版本: VER1.0
  42          // 日期: 2020.03.09
  43          // 备注: 
  44          //========================================================================
  45          void  SetWakeUpTime(u16 SetTime)
  46          {
  47   1        SetTime = (u16)((32768UL * (u32)SetTime) / 16000);  //重装值 = Fwkt/16 * SetTime/1000 = Fwkt * SetTime / 1
             -6000
  48   1        if(SetTime > 0) SetTime--;
  49   1        WKTCL = (u8)SetTime;
  50   1        WKTCH = (u8)(SetTime >> 8) | 0x80;
  51   1      }


C51 COMPILER V9.60.0.0   MCU_INIT                                                          03/12/2020 19:15:19 PAGE 2   

MODULE INFORMATION:   STATIC OVERLAYABLE
   CODE SIZE        =     79    ----
   CONSTANT SIZE    =   ----    ----
   XDATA SIZE       =   ----    ----
   PDATA SIZE       =   ----    ----
   DATA SIZE        =   ----    ----
   IDATA SIZE       =   ----    ----
   BIT SIZE         =   ----    ----
END OF MODULE INFORMATION.


C51 COMPILATION COMPLETE.  0 WARNING(S),  0 ERROR(S)
