C51 COMPILER V9.60.0.0   MCU_INT                                                           03/11/2020 17:44:09 PAGE 1   


C51 COMPILER V9.60.0.0, COMPILATION OF MODULE MCU_INT
OBJECT MODULE PLACED IN .\Objects\MCU_INT.obj
COMPILER INVOKED BY: D:\Keil5\C51\BIN\C51.EXE MCU_INT.c LARGE OPTIMIZE(8,SPEED) BROWSE DEBUG OBJECTEXTEND PRINT(.\Listin
                    -gs\MCU_INT.lst) TABS(2) OBJECT(.\Objects\MCU_INT.obj)

line level    source

   1          #include  "MCU_Config.h"
   2          
   3          u16 INT0_cnt, INT1_cnt;     //测试用的计数变量
   4          
   5          //========================================================================
   6          // 函数: void INT_Init(void)
   7          // 描述: 外部中断初始化函数
   8          // 参数: 无
   9          // 返回: 无
  10          // 版本: V1.0, 2020.03.09
  11          //========================================================================
  12          void INT_Init(void)
  13          {
  14   1          INT0_cnt = 0;
  15   1          INT1_cnt = 0;
  16   1      
  17   1          IE1  = 0;     //外中断1标志位
  18   1          IE0  = 0;     //外中断0标志位
  19   1          EX1 = 1;      //INT1 Enable
  20   1          EX0 = 1;      //INT0 Enable
  21   1      
  22   1          IT0 = 1;      //INT0 下降沿中断   
  23   1        //IT0 = 0;      //INT0 上升,下降沿中断  
  24   1          IT1 = 1;      //INT1 下降沿中断   
  25   1        //IT1 = 0;      //INT1 上升,下降沿中断  
  26   1      }
  27          
  28          /********************* INT0中断函数 *************************/
  29          void INT0_int (void) interrupt INT0_VECTOR    //进中断时已经清除标志
  30          {
  31   1          INT0_cnt++; //中断+1
  32   1      }
  33          
  34          /********************* INT1中断函数 *************************/
  35          void INT1_int (void) interrupt INT1_VECTOR    //进中断时已经清除标志
  36          {
  37   1          INT1_cnt++; //中断+1
  38   1      }


MODULE INFORMATION:   STATIC OVERLAYABLE
   CODE SIZE        =     78    ----
   CONSTANT SIZE    =   ----    ----
   XDATA SIZE       =      4    ----
   PDATA SIZE       =   ----    ----
   DATA SIZE        =   ----    ----
   IDATA SIZE       =   ----    ----
   BIT SIZE         =   ----    ----
END OF MODULE INFORMATION.


C51 COMPILATION COMPLETE.  0 WARNING(S),  0 ERROR(S)
