C51 COMPILER V9.60.0.0   MCU_MAIN                                                          03/13/2020 14:51:16 PAGE 1   


C51 COMPILER V9.60.0.0, COMPILATION OF MODULE MCU_MAIN
OBJECT MODULE PLACED IN .\Objects\MCU_Main.obj
COMPILER INVOKED BY: D:\Keil5\C51\BIN\C51.EXE MCU_Main.c LARGE OPTIMIZE(8,SPEED) BROWSE DEFINE(DEBUG_ENABLE_SEMIHOST) DE
                    -BUG OBJECTEXTEND PRINT(.\Listings\MCU_Main.lst) TABS(2) OBJECT(.\Objects\MCU_Main.obj)

line level    source

   1          #include  "MCU_Config.h"
   2          
   3          void main()
   4          {
   5   1          MCU_Init();
   6   1          P55=0;
   7   1          while(1)
   8   1          {
   9   2              P55=~P55;
  10   2              Delay_ms(1000);
  11   2          }
  12   1        
  13   1      }


MODULE INFORMATION:   STATIC OVERLAYABLE
   CODE SIZE        =     16    ----
   CONSTANT SIZE    =   ----    ----
   XDATA SIZE       =   ----    ----
   PDATA SIZE       =   ----    ----
   DATA SIZE        =   ----    ----
   IDATA SIZE       =   ----    ----
   BIT SIZE         =   ----    ----
END OF MODULE INFORMATION.


C51 COMPILATION COMPLETE.  0 WARNING(S),  0 ERROR(S)
