C51 COMPILER V9.60.0.0   MCU_COMMON_METHOD                                                 04/11/2020 17:07:45 PAGE 1   


C51 COMPILER V9.60.0.0, COMPILATION OF MODULE MCU_COMMON_METHOD
OBJECT MODULE PLACED IN .\Objects\MCU_Common_Method.obj
COMPILER INVOKED BY: D:\Keil5\C51\BIN\C51.EXE MCU_Common_Method.c LARGE OPTIMIZE(8,SPEED) BROWSE DEBUG OBJECTEXTEND PRIN
                    -T(.\Listings\MCU_Common_Method.lst) TABS(2) OBJECT(.\Objects\MCU_Common_Method.obj)

line level    source

   1          #include  "MCU_Config.h"
   2          
   3          /******************** Èí¼þÑÓÊ±º¯Êý **************************/
   4          void Delay_ms(u16 time)
   5          {
   6   1        u16 x,y;
   7   1        for(x=time;x>0;x--)
   8   1          for(y=110;y>0;y--);
   9   1      }


MODULE INFORMATION:   STATIC OVERLAYABLE
   CODE SIZE        =     30    ----
   CONSTANT SIZE    =   ----    ----
   XDATA SIZE       =   ----    ----
   PDATA SIZE       =   ----    ----
   DATA SIZE        =   ----    ----
   IDATA SIZE       =   ----    ----
   BIT SIZE         =   ----    ----
END OF MODULE INFORMATION.


C51 COMPILATION COMPLETE.  0 WARNING(S),  0 ERROR(S)
