C51 COMPILER V9.60.0.0   MCU_HAND_UART                                                     12/05/2020 19:27:29 PAGE 1   


C51 COMPILER V9.60.0.0, COMPILATION OF MODULE MCU_HAND_UART
OBJECT MODULE PLACED IN .\Objects\MCU_Hand_Uart.obj
COMPILER INVOKED BY: D:\Keil5\C51\BIN\C51.EXE MCU_Hand_Uart.c LARGE OPTIMIZE(8,SPEED) BROWSE DEBUG OBJECTEXTEND PRINT(.\
                    -Listings\MCU_Hand_Uart.lst) TABS(2) OBJECT(.\Objects\MCU_Hand_Uart.obj)

line level    source

   1          #include "MCU_Hand_Uart.h"
   2          
   3          
   4          unsigned char ConfigWifiMode = 0x00;
   5          
   6          //========================================================================
   7          // 函数: unsigned char Uart_Prereception_Layer()
   8          // 描述: 数据接收预处理函数
   9          // 参数: 无
  10          // 返回: 无
  11          // 说明：此函数主要处理，接收字符串，并校验字符串
  12          // 版本: V1.0, 2020.03.09
  13          //========================================================================
  14          unsigned char Uart_Prereception_Layer()
  15          {
  16   1          //Check_protocol_flag表示接收数据是否有效标记位
  17   1          unsigned char Check_protocol_flag = 0;
  18   1          if(RX1_len > 0 && !B_TX1_Busy && RX1_Buffer[0] == 0xFF) {
  19   2              if(RX1_len > 2) {
  20   3                  if(RX1_Buffer[1] == 0xFF) {
  21   4                      if(RX1_len > (MinOrder + 5)) {
  22   5                          UART_BUF_Init();
  23   5                      }
  24   4                      if((RX1_Buffer[2] * 16 * 16 + RX1_Buffer[3] + 4) == RX1_len) {
  25   5                          Check_protocol_flag = Check_Protocol(RX1_Buffer, RX1_len);
  26   5                          if(!Check_protocol_flag) {
  27   6                              UART_BUF_Init();
  28   6                          }
  29   5                      }
  30   4                  } else {
  31   4                      UART_BUF_Init();
  32   4                  }
  33   3              }
  34   2          } else {
  35   2              UART_BUF_Init();
  36   2          }
  37   1          return Check_protocol_flag;
  38   1      }
  39          //========================================================================
  40          // 函数: void Uart_Transmission_Layer(unsigned int Buf_len,unsigned char order,sn,action)
  41          // 描述: 串口数据发送处理函数
  42          // 参数: Buf_len:发送数组实际长度;order:协议命令标记;action:协议action标记
  43          // 返回: 无
  44          // 说明：无
  45          // 版本: V1.0, 2020.03.09
  46          //========================================================================
  47          void Uart_Transmission_Layer(unsigned int Buf_len, unsigned char order, action)
  48          {
  49   1          unsigned char Buf[116] = {0};
  50   1          memcpy(Buf, PublicAgreement, sizeof(PublicAgreement));
  51   1          Buf[3] = Buf_len - 4;
  52   1          Buf[4] = order;
  53   1          Buf[5] = Sn;
  54   1          //上传设备信息
C51 COMPILER V9.60.0.0   MCU_HAND_UART                                                     12/05/2020 19:27:29 PAGE 2   

  55   1          if(order == 0x02) {
  56   2              memcat(Buf, SerialProVersion, 8, sizeof(SerialProVersion));
  57   2              memcat(Buf, BusinessProVersion, 16, sizeof(BusinessProVersion));
  58   2              memcat(Buf, HardVersion, 24, sizeof(HardVersion));
  59   2              memcat(Buf, SoftVersion, 32, sizeof(SoftVersion));
  60   2              memcat(Buf, ProductKey, 40, sizeof(ProductKey));
  61   2              memcat(Buf, DeviceAttributes, 74, sizeof(DeviceAttributes));
  62   2              memcat(Buf, ProductSecert, 82, sizeof(ProductSecert));
  63   2          }
  64   1          //接收非法数据包
  65   1          if(order == 0x12) {
  66   2              Buf[8] = action;
  67   2          }
  68   1          //上传设备状态
  69   1          if((order == 0x04 && action == 0x03) || (order == 0x05 && action == 0x04)) {
  70   2              Buf[8] = action;
  71   2              Buf[9] = P1 >> 4 & 0X0F;
  72   2              Buf[10] = 0;
  73   2              Buf[11] = 0x00;
  74   2              Buf[12] = 0x00;
  75   2          }
  76   1          //计算校验和
  77   1          Buf[Buf_len - 1] = Calculate_Checksum(Buf, Buf_len);
  78   1          //串口1回复数据
  79   1          SendString1(Buf, Buf_len);
  80   1      }
  81          //========================================================================
  82          // 函数: void IsConnect_wifi()
  83          // 描述: 判断是否接收到心跳包，如果没有接收到表示，连接wifi失败
  84          // 参数: *Buf:字符数组,Buf_len:数组实际长度
  85          // 返回: 无
  86          // 说明：无
  87          // 版本: V1.0, 2020.03.09
  88          //========================================================================
  89          void IsConnect_wifi()
  90          {
  91   1          //说明wifi模块已经连接成功，开启定时器
  92   1          if((Wifi_flag == 1) && (Timer0_Count == 0)) {
  93   2              TR0 = 1;
  94   2          }
  95   1          //超过三分钟还未收到心跳包，即单片机与wifi模块失去联系
  96   1          //定时器的时间为5ms
  97   1          if(Timer0_Count >= 36000) {
  98   2              TR0 = 0;            //定时器0 初始化关闭
  99   2              Timer0_Count = 0;   //定时器0计数位
 100   2              Wifi_flag = 0x00;   //wifi连接模块标记位初始化
 101   2              Net_flag = 0;       //网络标记位初始化
 102   2              Phone_flag = 0;     //手机连接标记位初始化
 103   2              OLED_CLS_Local(0, 2, X_WIDTH, Y_WIDTH);
 104   2              OLED_P6x8Str(36, 4, "Wifi loss!");
 105   2          }
 106   1      }
 107          
 108          //========================================================================
 109          // 函数: void UART_Send_Servvice_Layer()
 110          // 描述: UART1发送业务处理函数
 111          // 参数: 无
 112          // 返回: 无
 113          // 版本: V1.0, 2020.04.24
 114          //========================================================================
 115          void UART_Send_Servvice_Layer()
 116          {
C51 COMPILER V9.60.0.0   MCU_HAND_UART                                                     12/05/2020 19:27:29 PAGE 3   

 117   1      
 118   1          if(Set_soft_flag == 0 || Set_AP_flag == 0 || Reset_message_flag == 0 || Bindable_wifi_flag == 0 || Res
             -tart_wifi_flag == 0) {
 119   2              Delay_ms(10);
 120   2              OLED_CLS_Local(0, 2, X_WIDTH, Y_WIDTH);
 121   2              if(Sn != 0x00) {
 122   3                  Sn = Sn + 0x01;
 123   3              }
 124   2              //  配置WiFi模式(Soft模式)
 125   2              if(Set_soft_flag == 0) {
 126   3                  ConfigWifiMode = 0x01;
 127   3                  Uart_Transmission_Layer(10, 0x09, ConfigWifiMode);
 128   3              }
 129   2              //  配置WiFi模式(AP模式)
 130   2              if(Set_AP_flag == 0)        {
 131   3                  ConfigWifiMode = 0x02;
 132   3                 Uart_Transmission_Layer(10, 0x09, ConfigWifiMode);
 133   3              }
 134   2              //  重置WiFi信息
 135   2              if(Reset_message_flag == 0) {
 136   3                 Uart_Transmission_Layer(9, 0x0b, 0x00);
 137   3              }
 138   2              //  WiFi进入可绑定模式
 139   2              if(Bindable_wifi_flag == 0) {
 140   3                 Uart_Transmission_Layer(9, 0x15, 0x00);
 141   3              }
 142   2              //   重启WiFi模组
 143   2              if(Restart_wifi_flag == 0)  {
 144   3                 Uart_Transmission_Layer(9, 0x29, 0x00);
 145   3              }
 146   2              while(Set_soft_flag == 0 || Set_AP_flag == 0 || Reset_message_flag == 0 || Bindable_wifi_flag == 0
             - || Restart_wifi_flag == 0);
 147   2          }
 148   1      }
 149          
 150          //========================================================================
 151          // 函数: void UART_Receive_Service_Layer()
 152          // 描述: UART1接收业务处理函数
 153          // 参数: 无
 154          // 返回: 无
 155          // 版本: V1.0, 2020.04.24
 156          //========================================================================
 157          void UART_Receive_Service_Layer()
 158          {
 159   1          //校验接收数据的合法性
 160   1          if(Uart_Prereception_Layer()) {
 161   2              //获取包序号并赋值给Sn
 162   2              Sn = RX1_Buffer[5];
 163   2              switch(RX1_Buffer[4]) {
 164   3              //WiFi模组获取设备信息
 165   3              case 0x01:
 166   3                  Uart_Transmission_Layer(115, RX1_Buffer[4] + 1, 0x00);
 167   3                  break;
 168   3              //WiFi模组控制设备,读取设备的当前状态
 169   3              case 0x03:
 170   3                  //WiFi模 组 控 制 设 备
 171   3                  if(RX1_Buffer[8] == 0x01) {
 172   4                      //收到数据后，mcu控制设备函数
 173   4                      MCU_Application_Control(RX1_Buffer);
 174   4                      Uart_Transmission_Layer(9, RX1_Buffer[4] + 1, 0x00);
 175   4                      //MCU主动上报当前状态
 176   4                      Sn = Sn + 0x01;
C51 COMPILER V9.60.0.0   MCU_HAND_UART                                                     12/05/2020 19:27:29 PAGE 4   

 177   4                      Uart_Transmission_Layer(14, RX1_Buffer[4] + 2, 0x04);
 178   4                      MCU_OLED_StatusChange(RX1_Buffer[9]);
 179   4                  }
 180   3                  // WiFi模 组 读 取 设 备 的 当 前 状 态
 181   3                  if(RX1_Buffer[8] == 0x02) {
 182   4                      Uart_Transmission_Layer(14, RX1_Buffer[4] + 1, RX1_Buffer[8] + 1);
 183   4                  }
 184   3                  break;
 185   3              //MCU主动上报当前状态WIFI模组回复
 186   3              case 0x06:
 187   3                  break;
 188   3              //WiFi模组向MCU发送心跳
 189   3              case 0x07:
 190   3                  Wifi_flag = 0x01;
 191   3                  //关闭定时器，将计数器置0
 192   3                  TR0 = 0;
 193   3                  Timer0_Count = 0;
 194   3                  Uart_Transmission_Layer(9, RX1_Buffer[4] + 1, 0x00);
 195   3                  //打开定时器
 196   3                  TR0 = 1;
 197   3                  break;
 198   3              //通知WIFI模组进入配置模式后接收WIFI模组回复
 199   3              case 0x0a:
 200   3                  if(ConfigWifiMode == 0x01) {
 201   4                      OLED_P6x8Str(2, 2, "Configure Wifi:Soft");
 202   4                  } else {
 203   4                      OLED_P6x8Str(2, 2, "Configure Wifi:AP");
 204   4                  }
 205   3                  break;
 206   3              //重置WiFi模组后接收WIFI模组回复
 207   3              case 0x0c:
 208   3                  OLED_P6x8Str(2, 2, "Reset Wifi!");
 209   3                  break;
 210   3              //WiFi模组向MCU推送WiFi状态
 211   3              case 0x0d:
 212   3                  //将手机连接标志位，网络连接标志位初始化
 213   3                  Phone_flag = 0;
 214   3                  Net_flag = 0;
 215   3                  Wifi_flag = 0x01;
 216   3                  //展示WiFi连接信息
 217   3                  MCU_WIFI_MessageShow(RX1_Buffer[4], RX1_Buffer[8], RX1_Buffer[9]);
 218   3                  if(RX1_Buffer[8] >= 0x00 && RX1_Buffer[8] <= 0x07 ) Net_flag = 1;
 219   3                  if(RX1_Buffer[8] >= 0x08 && RX1_Buffer[8] <= 0x0F ) {
 220   4                      Net_flag = 1;
 221   4                      Phone_flag = 1;
 222   4                  }
 223   3                  //如果有手机连接 展示产品连接信息
 224   3                  MCU_OLED_StatusChange(0x00);
 225   3                  Uart_Transmission_Layer(9, RX1_Buffer[4] + 1, 0x00);
 226   3                  break;
 227   3              case 0x0f:
 228   3                  Uart_Transmission_Layer(9, RX1_Buffer[4] + 1, 0x00);
 229   3                  break;
 230   3              //WiFi模组非法数据包通知
 231   3              case 0x11:
 232   3                  Uart_Transmission_Layer(10, RX1_Buffer[4] + 1, RX1_Buffer[8]);
 233   3                  break;
 234   3              //MCU请求WiFi进入可绑定模式，WiFi模组回复
 235   3              case 0x16:
 236   3                  OLED_P6x8Str(2, 2, "Enter bindable mode!");
 237   3                  break;
 238   3              //MCU请求获取网络时间，WiFi模组回复
C51 COMPILER V9.60.0.0   MCU_HAND_UART                                                     12/05/2020 19:27:29 PAGE 5   

 239   3              case 0x18:
 240   3                  break;
 241   3              //MCU请求WiFi重启，WiFi模组回复
 242   3              case 0x2a:
 243   3                  OLED_P6x8Str(2, 2, "Restart Wifi!");
 244   3                  break;
 245   3              }
 246   2              UART_BUF_Init();
 247   2          }
 248   1      }


MODULE INFORMATION:   STATIC OVERLAYABLE
   CODE SIZE        =   1276    ----
   CONSTANT SIZE    =    212    ----
   XDATA SIZE       =      1     122
   PDATA SIZE       =   ----    ----
   DATA SIZE        =   ----    ----
   IDATA SIZE       =   ----    ----
   BIT SIZE         =   ----    ----
END OF MODULE INFORMATION.


C51 COMPILATION COMPLETE.  0 WARNING(S),  0 ERROR(S)
