C51 COMPILER V9.60.0.0   MCU_MAIN                                                          12/13/2020 19:26:55 PAGE 1   


C51 COMPILER V9.60.0.0, COMPILATION OF MODULE MCU_MAIN
OBJECT MODULE PLACED IN .\Objects\MCU_Main.obj
COMPILER INVOKED BY: D:\Keil5\C51\BIN\C51.EXE MCU_Main.c LARGE OPTIMIZE(8,SPEED) BROWSE DEBUG OBJECTEXTEND PRINT(.\Listi
                    -ngs\MCU_Main.lst) TABS(2) OBJECT(.\Objects\MCU_Main.obj)

line level    source

   1          #include "MCU_Main.h"
   2          
   3          void main()
   4          {
   5   1          //系统初始化
   6   1          MCU_Init();
   7   1          while(1) {
   8   2              //串口接收函数
   9   2              UART_Receive_Service_Layer();
  10   2              //串口发送函数
  11   2              UART_Send_Servvice_Layer();
  12   2              //串口接收判断函数
  13   2              IsConnect_wifi();
  14   2          }
  15   1      }


MODULE INFORMATION:   STATIC OVERLAYABLE
   CODE SIZE        =     14    ----
   CONSTANT SIZE    =   ----    ----
   XDATA SIZE       =   ----    ----
   PDATA SIZE       =   ----    ----
   DATA SIZE        =   ----    ----
   IDATA SIZE       =   ----    ----
   BIT SIZE         =   ----    ----
END OF MODULE INFORMATION.


C51 COMPILATION COMPLETE.  0 WARNING(S),  0 ERROR(S)
