C51 COMPILER V9.60.0.0   MCU_INIT                                                          12/03/2020 20:26:15 PAGE 1   


C51 COMPILER V9.60.0.0, COMPILATION OF MODULE MCU_INIT
OBJECT MODULE PLACED IN .\Objects\MCU_Init.obj
COMPILER INVOKED BY: D:\Keil5\C51\BIN\C51.EXE MCU_Init.c LARGE OPTIMIZE(8,SPEED) BROWSE DEBUG OBJECTEXTEND PRINT(.\Listi
                    -ngs\MCU_Init.lst) TABS(2) OBJECT(.\Objects\MCU_Init.obj)

line level    source

   1          #include  "MCU_Init.h"
   2          
   3          /*************  功能说明  **************
   4          
   5          本程序主要执行初始化函数，包括:
   6              1.GPIO引脚初始化，可以使用GPIO_Config()方法设置引脚输入输出模式，GPIO_Init()方法默认设置GPIO为标准双向口
   7              2.部分GPIO引脚初始化
   8              3.OLED初始化，OLED清屏
   9              4.UART初始化
  10              5.Timer初始化
  11              6.EA=1,打开总中断
  12          
  13          
  14          
  15          ******************************************/
  16          //========================================================================
  17          // 函数: void Variabe_Init(void)
  18          // 描述: 单片机参数初始化
  19          // 参数: 无
  20          // 返回: 无
  21          // 版本: V1.0, 2020.12.03
  22          //========================================================================
  23          void Variabe_Init()
  24          {
  25   1          TR0 = 0;            //定时器0 初始化关闭
  26   1          Timer0_Count = 0;   //定时器0计数位
  27   1          Wifi_flag = 0x00;   //wifi连接模块标记位初始化
  28   1          Net_flag = 0;       //网络标记位初始化
  29   1          Phone_flag = 0;     //手机连接标记位初始化
  30   1      }
  31          //========================================================================
  32          // 函数: void MCU_Init(void)
  33          // 描述: 单片机初始化函数
  34          // 参数: 无
  35          // 返回: 无
  36          // 版本: V1.0, 2020.03.09
  37          //========================================================================
  38          void MCU_Init(void)
  39          {
  40   1          GPIO_Init();    //GPIO 初始化
  41   1          OLED_Init();    //OLED 初始化
  42   1          OLED_CLS();     //OLED 清屏
  43   1          Uart_Init();    //UART 初始化
  44   1          Timer_Config(); //定时器初始化函数
  45   1          Variabe_Init();  //基础参数初始化
  46   1          P1=0x00;
  47   1          //OLED显示
  48   1          OLED_P6x8Str(8, 0, "Welcome Demo System");
  49   1          EA = 1;           //开总中断
  50   1      }
  51          /*
  52          //========================================================================
  53          // 函数: void GPIO_Config(void)
  54          // 描述: GPIO口设置工作模式
C51 COMPILER V9.60.0.0   MCU_INIT                                                          12/03/2020 20:26:15 PAGE 2   

  55          // 参数: 无
  56          // 返回: 无
  57          // 版本: V1.0, 2020.03.09
  58          //========================================================================
  59          void  GPIO_Config(void)
  60          {
  61            //本方法例程是设置P3^4,P3^5引脚工作模式为GPIO_OUT_PP(推挽输出)
  62            GPIO_InitTypeDef  GPIO_InitStructure;               //结构定义
  63            GPIO_InitStructure.Pin  = GPIO_Pin_4 | GPIO_Pin_5;  //指定要初始化的IO, GPIO_Pin_0 ~ GPIO_Pin_7, 或操作
  64            GPIO_InitStructure.Mode = GPIO_OUT_PP;              //指定IO的输入或输出方式,GPIO_PullUp,GPIO_HighZ,GPIO_OUT_OD,
             -GPIO_OUT_PP
  65            GPIO_Set(GPIO_P3,&GPIO_InitStructure);          //初始化
  66          }
  67          */


MODULE INFORMATION:   STATIC OVERLAYABLE
   CODE SIZE        =     59    ----
   CONSTANT SIZE    =     20    ----
   XDATA SIZE       =   ----    ----
   PDATA SIZE       =   ----    ----
   DATA SIZE        =   ----    ----
   IDATA SIZE       =   ----    ----
   BIT SIZE         =   ----    ----
END OF MODULE INFORMATION.


C51 COMPILATION COMPLETE.  0 WARNING(S),  0 ERROR(S)
