C51 COMPILER V9.60.0.0   MCU_VARIABLE                                                      11/25/2020 20:52:46 PAGE 1   


C51 COMPILER V9.60.0.0, COMPILATION OF MODULE MCU_VARIABLE
OBJECT MODULE PLACED IN .\Objects\MCU_Variable.obj
COMPILER INVOKED BY: D:\Keil5\C51\BIN\C51.EXE MCU_Variable.c LARGE OPTIMIZE(8,SPEED) BROWSE DEBUG OBJECTEXTEND PRINT(.\L
                    -istings\MCU_Variable.lst) TABS(2) OBJECT(.\Objects\MCU_Variable.obj)

line level    source

   1          #include "MCU_Variable.h"
   2          
   3          //手机连接信号标记位
   4          unsigned char Phone_flag = 0x00;
   5          //网络连接信号标记位
   6          unsigned char Net_flag = 000;
   7          //wifi是否连接标记位
   8          unsigned char Wifi_flag = 0x00;
   9          //最小命令单位长度
  10          unsigned int MinOrder = 9;
  11          
  12          
  13          //wifi模组请求设备信息，mcu回复
  14          const unsigned char Device_information[] = {
  15              0xFF, 0xFF, 0x00, 0x6F, 0x02, 0x00, 0x00, 0x00,
  16          //通用串口协议版本号
  17              0x30, 0x30, 0x30, 0x30, 0x30, 0x30, 0x30, 0x34,
  18          //业务协议版本号
  19              0x30, 0x30, 0x30, 0x30, 0x30, 0x30, 0x30, 0x34,
  20          //硬件版本号
  21              0x30, 0x30, 0x30, 0x30, 0x30, 0x30, 0x30, 0x36,
  22          //软件版本号
  23              0x30, 0x30, 0x30, 0x30, 0x30, 0x30, 0x30, 0x35,
  24          //产品标示码
  25              0x37, 0x63, 0x38, 0x63, 0x31, 0x64, 0x38, 0x35,
  26              0x62, 0x39, 0x36, 0x36, 0x34, 0x62, 0x32, 0x38,
  27              0x38, 0x32, 0x32, 0x33, 0x35, 0x33, 0x64, 0x39,
  28              0x38, 0x61, 0x36, 0x33, 0x30, 0x63, 0x65, 0x34,
  29          //可绑定状态失效时间
  30              0x00, 0x00,
  31          //设备属性
  32              0x00, 0x00, 0x00, 0x00, 0x00, 0x00, 0x00, 0x02,
  33          //产品密钥
  34              0x31, 0x39, 0x64, 0x35, 0x38, 0x62, 0x64, 0x64,
  35              0x62, 0x63, 0x66, 0x36, 0x34, 0x64, 0x66, 0x39,
  36              0x62, 0x36, 0x39, 0x30, 0x39, 0x34, 0x63, 0x64,
  37              0x39, 0x64, 0x30, 0x61, 0x65, 0x64, 0x38, 0x66,
  38          //校验和
  39              0x55
  40          };
  41          
  42          unsigned char Mcu_send[] = {0xff, 0xff, 0x00, 0x09, 0x00, 0x55, 0x00, 0x00, 0x13, 0xFF, 0x55, 0x00, 0x55, 
             -0x55, 0x55, 0x55};


MODULE INFORMATION:   STATIC OVERLAYABLE
   CODE SIZE        =   ----    ----
   CONSTANT SIZE    =   ----    ----
   XDATA SIZE       =    136    ----
   PDATA SIZE       =   ----    ----
   DATA SIZE        =   ----    ----
   IDATA SIZE       =   ----    ----
   BIT SIZE         =   ----    ----
END OF MODULE INFORMATION.

C51 COMPILER V9.60.0.0   MCU_VARIABLE                                                      11/25/2020 20:52:46 PAGE 2   


C51 COMPILATION COMPLETE.  0 WARNING(S),  0 ERROR(S)
