C51 COMPILER V9.60.0.0   OLED_MAIN                                                         03/09/2020 18:42:00 PAGE 1   


C51 COMPILER V9.60.0.0, COMPILATION OF MODULE OLED_MAIN
OBJECT MODULE PLACED IN .\Objects\OLED_Main.obj
COMPILER INVOKED BY: D:\Keil5\C51\BIN\C51.EXE OLED_Main.c LARGE OPTIMIZE(8,SPEED) BROWSE DEBUG OBJECTEXTEND PRINT(.\List
                    -ings\OLED_Main.lst) TABS(2) OBJECT(.\Objects\OLED_Main.obj)

line level    source

   1          #include "MCU_Config.h"
   2          
   3          
   4          
   5          void main()
   6          {
   7   1        MCU_Init();
   8   1        while(1)
   9   1        {
  10   2      //    OLED_Fill(0xff); //ÆÁÈ«ÁÁ
  11   2      //    delay(2000);
  12   2      //    OLED_Fill(0x00); //ÆÁÈ«Ãð
  13   2      //    delay(200);
  14   2          OLED_P6x8Str(0,7,"cn.heltec@gmail.com");
  15   2          OLED_P6x8Str(0,8,"heltec.taobao.com");
  16   2          Delay_ms(4000);
  17   2          OLED_CLS();      //ÇåÆÁ
  18   2          Delay_ms(4000);
  19   2        }
  20   1      
  21   1      
  22   1      }


MODULE INFORMATION:   STATIC OVERLAYABLE
   CODE SIZE        =     52    ----
   CONSTANT SIZE    =     38    ----
   XDATA SIZE       =   ----    ----
   PDATA SIZE       =   ----    ----
   DATA SIZE        =   ----    ----
   IDATA SIZE       =   ----    ----
   BIT SIZE         =   ----    ----
END OF MODULE INFORMATION.


C51 COMPILATION COMPLETE.  0 WARNING(S),  0 ERROR(S)
