C51 COMPILER V9.60.0.0   MCU_MAIN                                                          11/24/2020 00:29:20 PAGE 1   


C51 COMPILER V9.60.0.0, COMPILATION OF MODULE MCU_MAIN
OBJECT MODULE PLACED IN .\Objects\MCU_Main.obj
COMPILER INVOKED BY: D:\Keil5\C51\BIN\C51.EXE MCU_Main.c OPTIMIZE(8,SPEED) BROWSE DEBUG OBJECTEXTEND PRINT(.\Listings\MC
                    -U_Main.lst) TABS(2) OBJECT(.\Objects\MCU_Main.obj)

line level    source

   1          #include "MCU_Main.h"
   2          
   3          void main()
   4          {
   5   1          //系统初始化
   6   1          MCU_Init();
   7   1          while(1){
   8   2              if((RX1_len > 0) && !B_TX1_Busy)  //收到过数据, 并且发送空闲
   9   2              {
  10   3                  SendString1(RX1_Buffer);
  11   3                  RX1_len = 0;
  12   3                  memset(RX1_Buffer, 0, sizeof(RX1_Buffer));
  13   3              }
  14   2          }
  15   1      }


MODULE INFORMATION:   STATIC OVERLAYABLE
   CODE SIZE        =     44    ----
   CONSTANT SIZE    =   ----    ----
   XDATA SIZE       =   ----    ----
   PDATA SIZE       =   ----    ----
   DATA SIZE        =   ----    ----
   IDATA SIZE       =   ----    ----
   BIT SIZE         =   ----    ----
END OF MODULE INFORMATION.


C51 COMPILATION COMPLETE.  0 WARNING(S),  0 ERROR(S)
