C51 COMPILER V9.60.0.0   MCU_MAIN                                                          03/13/2020 14:43:41 PAGE 1   


C51 COMPILER V9.60.0.0, COMPILATION OF MODULE MCU_MAIN
OBJECT MODULE PLACED IN .\Objects\MCU_Main.obj
COMPILER INVOKED BY: D:\Keil5\C51\BIN\C51.EXE MCU_Main.c LARGE OPTIMIZE(8,SPEED) BROWSE DEBUG OBJECTEXTEND PRINT(.\Listi
                    -ngs\MCU_Main.lst) TABS(2) OBJECT(.\Objects\MCU_Main.obj)

line level    source

   1          #include  "MCU_Config.h"
   2          
   3          
   4          void Key_SCAN()
   5          {
   6   1        if(P23==0){Delay_ms(10);if(P23==0){P55=~P55;Delay_ms(1000);}}
   7   1        if(P24==0){Delay_ms(10);if(P24==0){P55=~P55;Delay_ms(2000);}}
   8   1        if(P25==0){Delay_ms(10);if(P25==0){P55=~P55;Delay_ms(4000);}}
   9   1        if(P26==0){Delay_ms(10);if(P26==0){P55=~P55;Delay_ms(8000);}}
  10   1      }
  11          
  12          void main()
  13          {
  14   1          MCU_Init();
  15   1          P55=1;
  16   1          while(1)
  17   1          {
  18   2              Key_SCAN();
  19   2          }
  20   1        
  21   1      }


MODULE INFORMATION:   STATIC OVERLAYABLE
   CODE SIZE        =     99    ----
   CONSTANT SIZE    =   ----    ----
   XDATA SIZE       =   ----    ----
   PDATA SIZE       =   ----    ----
   DATA SIZE        =   ----    ----
   IDATA SIZE       =   ----    ----
   BIT SIZE         =   ----    ----
END OF MODULE INFORMATION.


C51 COMPILATION COMPLETE.  0 WARNING(S),  0 ERROR(S)
