C51 COMPILER V9.60.0.0   OLED_MAIN                                                         03/09/2020 18:57:34 PAGE 1   


C51 COMPILER V9.60.0.0, COMPILATION OF MODULE OLED_MAIN
OBJECT MODULE PLACED IN .\Objects\OLED_Main.obj
COMPILER INVOKED BY: D:\Keil5\C51\BIN\C51.EXE OLED_Main.c LARGE OPTIMIZE(8,SPEED) BROWSE DEBUG OBJECTEXTEND PRINT(.\List
                    -ings\OLED_Main.lst) TABS(2) OBJECT(.\Objects\OLED_Main.obj)

line level    source

   1          #include "MCU_Config.h"
   2          
   3          
   4          void main()
   5          {
   6   1        MCU_Init();
   7   1        while(1)
   8   1        {
   9   2      //    OLED_Fill(0xff); //屏全亮
  10   2      //    delay(2000);
  11   2      //    OLED_Fill(0x00); //屏全灭
  12   2      //    delay(200);
  13   2          OLED_P16x16Ch(24,0,1);//(x, y, N)显示16*16点阵  显示的坐标（x,y），N为页范围0～7
  14   2          OLED_P16x16Ch(40,0,2);//(x, y, N)显示16*16点阵  显示的坐标（x,y），N为页范围0～7
  15   2          OLED_P16x16Ch(56,0,3);//(x, y, N)显示16*16点阵  显示的坐标（x,y），N为页范围0～7
  16   2          OLED_P16x16Ch(72,0,4);//(x, y, N)显示16*16点阵  显示的坐标（x,y），N为页范围0～7
  17   2          OLED_P16x16Ch(88,0,5);//(x, y, N)显示16*16点阵  显示的坐标（x,y），N为页范围0～7
  18   2          /*for(i=0; i<8; i++)//通过点整显示汉字 -- i表示字表数组的位置
  19   2          {
  20   2      //      OLED_P16x16Ch(i*16,0,i);
  21   2            OLED_P16x16Ch(i*16,2,i+8);
  22   2            OLED_P16x16Ch(i*16,4,i+16);
  23   2            OLED_P16x16Ch(i*16,6,i+24);
  24   2          }*/
  25   2          Delay_ms(4000);
  26   2          OLED_CLS();//清屏
  27   2        }
  28   1      }


MODULE INFORMATION:   STATIC OVERLAYABLE
   CODE SIZE        =     75    ----
   CONSTANT SIZE    =   ----    ----
   XDATA SIZE       =   ----    ----
   PDATA SIZE       =   ----    ----
   DATA SIZE        =   ----    ----
   IDATA SIZE       =   ----    ----
   BIT SIZE         =   ----    ----
END OF MODULE INFORMATION.


C51 COMPILATION COMPLETE.  0 WARNING(S),  0 ERROR(S)
