C51 COMPILER V9.60.0.0   MCU_MAIN                                                          04/24/2020 10:06:05 PAGE 1   


C51 COMPILER V9.60.0.0, COMPILATION OF MODULE MCU_MAIN
OBJECT MODULE PLACED IN .\Objects\MCU_Main.obj
COMPILER INVOKED BY: D:\Keil5\C51\BIN\C51.EXE MCU_Main.c OPTIMIZE(8,SPEED) BROWSE DEBUG OBJECTEXTEND PRINT(.\Listings\MC
                    -U_Main.lst) TABS(2) OBJECT(.\Objects\MCU_Main.obj)

line level    source

   1          #include "MCU_Main.h"
   2          
   3          void main()
   4          {
   5   1          MCU_Init();
   6   1          while(1){
   7   2            OLED_P6x8Str(0,8,"heltec.taobao.com");
   8   2            Delay_ms(1000);
   9   2            OLED_CLS_Local(0,0,X_WIDTH,Y_WIDTH);
  10   2          }
  11   1      }


MODULE INFORMATION:   STATIC OVERLAYABLE
   CODE SIZE        =     44    ----
   CONSTANT SIZE    =     18    ----
   XDATA SIZE       =   ----    ----
   PDATA SIZE       =   ----    ----
   DATA SIZE        =   ----    ----
   IDATA SIZE       =   ----    ----
   BIT SIZE         =   ----    ----
END OF MODULE INFORMATION.


C51 COMPILATION COMPLETE.  0 WARNING(S),  0 ERROR(S)
