C51 COMPILER V9.60.0.0   MCU_KEY                                                           04/24/2020 12:20:48 PAGE 1   


C51 COMPILER V9.60.0.0, COMPILATION OF MODULE MCU_KEY
OBJECT MODULE PLACED IN .\Objects\MCU_Key.obj
COMPILER INVOKED BY: D:\Keil5\C51\BIN\C51.EXE MCU_Key.c OPTIMIZE(8,SPEED) BROWSE DEBUG OBJECTEXTEND PRINT(.\Listings\MCU
                    -_Key.lst) TABS(2) OBJECT(.\Objects\MCU_Key.obj)

line level    source

   1          #include "MCU_Key.h"
   2          
   3          //========================================================================
   4          // 函数: unsigned chcar Detect_Key(void)
   5          // 描述: 按键扫描函数
   6          // 参数: time:延时时间
   7          // 返回: 无
   8          // 说明：单片机频率不同，延时效果不同
   9          // 版本: V1.0, 2020.03.09
  10          //========================================================================
  11          unsigned char Detect_Key(void)
  12          {
  13   1        return 0x00;
  14   1        
  15   1      }


MODULE INFORMATION:   STATIC OVERLAYABLE
   CODE SIZE        =      3    ----
   CONSTANT SIZE    =   ----    ----
   XDATA SIZE       =   ----    ----
   PDATA SIZE       =   ----    ----
   DATA SIZE        =   ----    ----
   IDATA SIZE       =   ----    ----
   BIT SIZE         =   ----    ----
END OF MODULE INFORMATION.


C51 COMPILATION COMPLETE.  0 WARNING(S),  0 ERROR(S)
