C51 COMPILER V9.60.0.0   MCU_CONTROL                                                       05/31/2020 18:43:52 PAGE 1   


C51 COMPILER V9.60.0.0, COMPILATION OF MODULE MCU_CONTROL
OBJECT MODULE PLACED IN .\Objects\MCU_Control.obj
COMPILER INVOKED BY: D:\Keil5\C51\BIN\C51.EXE MCU_Control.c LARGE OPTIMIZE(8,SPEED) BROWSE DEBUG OBJECTEXTEND PRINT(.\Li
                    -stings\MCU_Control.lst) TABS(2) OBJECT(.\Objects\MCU_Control.obj)

line level    source

   1          #include "MCU_Control.h"
   2          
   3          
   4          
   5          //========================================================================
   6          // 函数: void MCU_Application_Control(unsigned char* Buf)
   7          // 描述: MCU控制处理函数
   8          // 参数: 无
   9          // 返回: 无
  10          // 版本: V1.0, 2020.04.24
  11          //========================================================================
  12          void MCU_Application_Control(unsigned char* Buf)
  13          {
  14   1      
  15   1          switch(Buf[9])
  16   1          {
  17   2            case 0x01:if(Buf[10]==0x01) {P14=1;}else {P14=0;}
  18   2              break;
  19   2            case 0x02:if(Buf[10]==0x02) {P15=1;}else {P15=0;}
  20   2              break;
  21   2            case 0x04:if(Buf[10]==0x04) {P16=1;}else {P16=0;}
  22   2              break;
  23   2            case 0x08:if(Buf[10]==0x08) {P17=1;}else {P17=0;}
  24   2              break;
  25   2          }
  26   1      }
  27          


MODULE INFORMATION:   STATIC OVERLAYABLE
   CODE SIZE        =     86    ----
   CONSTANT SIZE    =   ----    ----
   XDATA SIZE       =   ----    ----
   PDATA SIZE       =   ----    ----
   DATA SIZE        =   ----    ----
   IDATA SIZE       =   ----    ----
   BIT SIZE         =   ----    ----
END OF MODULE INFORMATION.


C51 COMPILATION COMPLETE.  0 WARNING(S),  0 ERROR(S)
