C51 COMPILER V9.60.0.0   MCU_GPIO                                                          04/24/2020 10:06:04 PAGE 1   


C51 COMPILER V9.60.0.0, COMPILATION OF MODULE MCU_GPIO
OBJECT MODULE PLACED IN .\Objects\MCU_GPIO.obj
COMPILER INVOKED BY: D:\Keil5\C51\BIN\C51.EXE MCU_GPIO.c OPTIMIZE(8,SPEED) BROWSE DEBUG OBJECTEXTEND PRINT(.\Listings\MC
                    -U_GPIO.lst) TABS(2) OBJECT(.\Objects\MCU_GPIO.obj)

line level    source

   1          #include "MCU_GPIO.h"
   2          
   3          //========================================================================
   4          // 函数: void GPIO_Init(void)
   5          // 描述: GPIO口初始化函数
   6          // 参数: 无
   7          // 返回: 无
   8          // 版本: V1.0, 2020.03.09
   9          //========================================================================
  10          //注意:   STC15W4K32S4系列的芯片,上电后所有与PWM相关的IO口均为
  11          //        高阻态,需将这些口设置为准双向口或强推挽模式方可正常使用
  12          void GPIO_Init(void)
  13          {
  14   1        //第一种方式：使用P0n_standard()函数将所有IO口设置为准双向口，默认选择第一种
  15   1        P0n_standard(0xff); //设置为准双向口
  16   1        P1n_standard(0xff); //设置为准双向口
  17   1        P2n_standard(0xff); //设置为准双向口
  18   1        P3n_standard(0xff); //设置为准双向口
  19   1        P4n_standard(0xff); //设置为准双向口
  20   1        P5n_standard(0xff); //设置为准双向口
  21   1      }
  22          /*
  23          //========================================================================
  24          // 函数: unsigned char  GPIO_Inilize(unsigned char GPIO, GPIO_InitTypeDef *GPIOx)
  25          // 描述: 初始化IO口.
  26          // 参数: GPIOx: 结构参数,请参考timer.h里的定义.
  27          // 返回: 成功返回0, 空操作返回1,错误返回2.
  28          // 版本: V1.0, 2020.03.09
  29          //========================================================================
  30          unsigned char GPIO_Set(unsigned char GPIO, GPIO_InitTypeDef *GPIOx)
  31          {
  32            if(GPIO > GPIO_P5)        return 1; //空操作
  33            if(GPIOx->Mode > GPIO_OUT_PP) return 2; //错误
  34            if(GPIO == GPIO_P0)
  35            {
  36              if(GPIOx->Mode == GPIO_PullUp)    P0M1 &= ~GPIOx->Pin,  P0M0 &= ~GPIOx->Pin;   //上拉准双向口
  37              if(GPIOx->Mode == GPIO_HighZ)   P0M1 |=  GPIOx->Pin,  P0M0 &= ~GPIOx->Pin;   //浮空输入
  38              if(GPIOx->Mode == GPIO_OUT_OD)    P0M1 |=  GPIOx->Pin,  P0M0 |=  GPIOx->Pin;   //开漏输出
  39              if(GPIOx->Mode == GPIO_OUT_PP)    P0M1 &= ~GPIOx->Pin,  P0M0 |=  GPIOx->Pin;   //推挽输出
  40            }
  41            if(GPIO == GPIO_P1)
  42            {
  43              if(GPIOx->Mode == GPIO_PullUp)    P1M1 &= ~GPIOx->Pin,  P1M0 &= ~GPIOx->Pin;   //上拉准双向口
  44              if(GPIOx->Mode == GPIO_HighZ)   P1M1 |=  GPIOx->Pin,  P1M0 &= ~GPIOx->Pin;   //浮空输入
  45              if(GPIOx->Mode == GPIO_OUT_OD)    P1M1 |=  GPIOx->Pin,  P1M0 |=  GPIOx->Pin;   //开漏输出
  46              if(GPIOx->Mode == GPIO_OUT_PP)    P1M1 &= ~GPIOx->Pin,  P1M0 |=  GPIOx->Pin;   //推挽输出
  47            }
  48            if(GPIO == GPIO_P2)
  49            {
  50              if(GPIOx->Mode == GPIO_PullUp)    P2M1 &= ~GPIOx->Pin,  P2M0 &= ~GPIOx->Pin;   //上拉准双向口
  51              if(GPIOx->Mode == GPIO_HighZ)   P2M1 |=  GPIOx->Pin,  P2M0 &= ~GPIOx->Pin;   //浮空输入
  52              if(GPIOx->Mode == GPIO_OUT_OD)    P2M1 |=  GPIOx->Pin,  P2M0 |=  GPIOx->Pin;   //开漏输出
  53              if(GPIOx->Mode == GPIO_OUT_PP)    P2M1 &= ~GPIOx->Pin,  P2M0 |=  GPIOx->Pin;   //推挽输出
  54            }
C51 COMPILER V9.60.0.0   MCU_GPIO                                                          04/24/2020 10:06:04 PAGE 2   

  55            if(GPIO == GPIO_P3)
  56            {
  57              if(GPIOx->Mode == GPIO_PullUp)    P3M1 &= ~GPIOx->Pin,  P3M0 &= ~GPIOx->Pin;   //上拉准双向口
  58              if(GPIOx->Mode == GPIO_HighZ)   P3M1 |=  GPIOx->Pin,  P3M0 &= ~GPIOx->Pin;   //浮空输入
  59              if(GPIOx->Mode == GPIO_OUT_OD)    P3M1 |=  GPIOx->Pin,  P3M0 |=  GPIOx->Pin;   //开漏输出
  60              if(GPIOx->Mode == GPIO_OUT_PP)    P3M1 &= ~GPIOx->Pin,  P3M0 |=  GPIOx->Pin;   //推挽输出
  61            }
  62            if(GPIO == GPIO_P4)
  63            {
  64              if(GPIOx->Mode == GPIO_PullUp)    P4M1 &= ~GPIOx->Pin,  P4M0 &= ~GPIOx->Pin;   //上拉准双向口
  65              if(GPIOx->Mode == GPIO_HighZ)   P4M1 |=  GPIOx->Pin,  P4M0 &= ~GPIOx->Pin;   //浮空输入
  66              if(GPIOx->Mode == GPIO_OUT_OD)    P4M1 |=  GPIOx->Pin,  P4M0 |=  GPIOx->Pin;   //开漏输出
  67              if(GPIOx->Mode == GPIO_OUT_PP)    P4M1 &= ~GPIOx->Pin,  P4M0 |=  GPIOx->Pin;   //推挽输出
  68            }
  69            if(GPIO == GPIO_P5)
  70            {
  71              if(GPIOx->Mode == GPIO_PullUp)    P5M1 &= ~GPIOx->Pin,  P5M0 &= ~GPIOx->Pin;   //上拉准双向口
  72              if(GPIOx->Mode == GPIO_HighZ)   P5M1 |=  GPIOx->Pin,  P5M0 &= ~GPIOx->Pin;   //浮空输入
  73              if(GPIOx->Mode == GPIO_OUT_OD)    P5M1 |=  GPIOx->Pin,  P5M0 |=  GPIOx->Pin;   //开漏输出
  74              if(GPIOx->Mode == GPIO_OUT_PP)    P5M1 &= ~GPIOx->Pin,  P5M0 |=  GPIOx->Pin;   //推挽输出
  75            }
  76            return 0; //成功
  77          }
  78          */


MODULE INFORMATION:   STATIC OVERLAYABLE
   CODE SIZE        =     37    ----
   CONSTANT SIZE    =   ----    ----
   XDATA SIZE       =   ----    ----
   PDATA SIZE       =   ----    ----
   DATA SIZE        =   ----    ----
   IDATA SIZE       =   ----    ----
   BIT SIZE         =   ----    ----
END OF MODULE INFORMATION.


C51 COMPILATION COMPLETE.  0 WARNING(S),  0 ERROR(S)
