C51 COMPILER V9.60.0.0   MCU_VARIABLE                                                      08/08/2020 00:30:37 PAGE 1   


C51 COMPILER V9.60.0.0, COMPILATION OF MODULE MCU_VARIABLE
OBJECT MODULE PLACED IN .\Objects\MCU_Variable.obj
COMPILER INVOKED BY: D:\Keil5\C51\BIN\C51.EXE MCU_Variable.c LARGE OPTIMIZE(8,SPEED) BROWSE DEBUG OBJECTEXTEND PRINT(.\L
                    -istings\MCU_Variable.lst) TABS(2) OBJECT(.\Objects\MCU_Variable.obj)

line level    source

   1          #include "MCU_Variable.h"
   2          
   3          //手机连接信号标记位
   4          unsigned char Phone_flag= 0x00;
   5          //网络连接信号标记位
   6          unsigned char Net_flag=000;
   7          //wifi是否连接标记位
   8          unsigned char Wifi_flag=0x00;
   9          
  10          
  11          //wifi模组请求设备信息，mcu回复
  12          const unsigned char Device_information[]={
  13          0xFF,0xFF,0x00,0x6F,0x02,0x00,0x00,0x00,
  14          //通用串口协议版本号  
  15          0x30,0x30,0x30,0x30,0x30,0x30,0x30,0x34,
  16          //业务协议版本号
  17          0x30,0x30,0x30,0x30,0x30,0x30,0x30,0x34,
  18          //硬件版本号
  19          0x30,0x30,0x30,0x30,0x30,0x30,0x30,0x36,
  20          //软件版本号
  21          0x30,0x30,0x30,0x30,0x30,0x30,0x30,0x35,
  22          //产品标示码
  23          0x37,0x63,0x38,0x63,0x31,0x64,0x38,0x35,
  24          0x62,0x39,0x36,0x36,0x34,0x62,0x32,0x38,
  25          0x38,0x32,0x32,0x33,0x35,0x33,0x64,0x39,
  26          0x38,0x61,0x36,0x33,0x30,0x63,0x65,0x34,
  27          //可绑定状态失效时间
  28          0x00,0x00,
  29          //设备属性
  30          0x00,0x00,0x00,0x00,0x00,0x00,0x00,0x02,
  31          //产品密钥
  32          0x31,0x39,0x64,0x35,0x38,0x62,0x64,0x64,
  33          0x62,0x63,0x66,0x36,0x34,0x64,0x66,0x39,
  34          0x62,0x36,0x39,0x30,0x39,0x34,0x63,0x64,
  35          0x39,0x64,0x30,0x61,0x65,0x64,0x38,0x66,
  36          //校验和
  37          0x55};                                    
  38          
  39          unsigned char Mcu_send[]={0xff,0xff,0x00,0x09,0x00,0x55,0x00,0x00,0x13,0xFF,0x55,0x00,0x55,0x55,0x55,0x55}
             -;


MODULE INFORMATION:   STATIC OVERLAYABLE
   CODE SIZE        =   ----    ----
   CONSTANT SIZE    =   ----    ----
   XDATA SIZE       =    134    ----
   PDATA SIZE       =   ----    ----
   DATA SIZE        =   ----    ----
   IDATA SIZE       =   ----    ----
   BIT SIZE         =   ----    ----
END OF MODULE INFORMATION.


C51 COMPILATION COMPLETE.  0 WARNING(S),  0 ERROR(S)
