C51 COMPILER V9.60.0.0   MCU_INIT                                                          03/09/2020 18:38:16 PAGE 1   


C51 COMPILER V9.60.0.0, COMPILATION OF MODULE MCU_INIT
OBJECT MODULE PLACED IN .\Objects\MCU_Init.obj
COMPILER INVOKED BY: D:\Keil5\C51\BIN\C51.EXE MCU_Init.c LARGE OPTIMIZE(8,SPEED) BROWSE DEBUG OBJECTEXTEND PRINT(.\Listi
                    -ngs\MCU_Init.lst) TABS(2) OBJECT(.\Objects\MCU_Init.obj)

line level    source

   1          #include  "MCU_Config.h"
   2          
   3          /******************** MCU初始化函数 **************************/
   4          void MCU_Init(void)
   5          {
   6   1          GPIO_Init();    //GPIO 初始化
   7   1          OLED_Init();    //OLED初始化
   8   1      }
   9          
  10          
  11          /******************** IO配置函数 **************************/
  12          //注意:   STC15W4K32S4系列的芯片,上电后所有与PWM相关的IO口均为
  13          //        高阻态,需将这些口设置为准双向口或强推挽模式方可正常使用
  14          void GPIO_Init(void)
  15          {
  16   1        //第一种方式：使用P0n_standard()函数将所有IO口设置为准双向口，默认选择第一种
  17   1        P0n_standard(0xff); //设置为准双向口
  18   1        P1n_standard(0xff); //设置为准双向口
  19   1        P2n_standard(0xff); //设置为准双向口
  20   1        P3n_standard(0xff); //设置为准双向口
  21   1        P4n_standard(0xff); //设置为准双向口
  22   1        P5n_standard(0xff); //设置为准双向口
  23   1      }


MODULE INFORMATION:   STATIC OVERLAYABLE
   CODE SIZE        =     43    ----
   CONSTANT SIZE    =   ----    ----
   XDATA SIZE       =   ----    ----
   PDATA SIZE       =   ----    ----
   DATA SIZE        =   ----    ----
   IDATA SIZE       =   ----    ----
   BIT SIZE         =   ----    ----
END OF MODULE INFORMATION.


C51 COMPILATION COMPLETE.  0 WARNING(S),  0 ERROR(S)
